p/1657577723731.png 1 0 0 74 74
p/1657577723732.png 1 0 0 68 70
p/1657577723733.png 1 0 0 68 70
p/1657577723734.png 1 0 0 66 66
p/1657577723735.png 1 0 0 72 74
p/1657577723736.png 1 0 0 80 82
p/1657577723737.png 1 0 0 64 64
p/1657577723738.png 1 0 0 78 74
p/1657577723739.png 1 0 0 86 84
p/1657577723740.png 1 0 0 68 68
p/1657577723741.png 1 0 0 74 70
p/1657577723742.png 1 0 0 80 76
p/1657577723743.png 1 0 0 68 70
p/1657577723745.png 1 0 0 70 70
p/1657577723744.png 1 0 0 66 68
p/1657577723747.png 1 0 0 70 74
p/1657577723746.png 1 0 0 70 70
p/1657577723713.png 1 0 0 78 78
p/1657577723714.png 1 0 0 94 86
p/1657577723715.png 1 0 0 108 92
p/1657577723716.png 1 0 0 82 88
p/1657577723717.png 1 0 0 88 86
p/1657577723718.png 1 0 0 96 90
p/1657577723719.png 1 0 0 76 78
p/1657577723720.png 1 0 0 78 80
p/1657577723721.png 1 0 0 80 82
p/1657577723722.png 1 0 0 76 74
p/1657577723723.png 1 0 0 76 74
p/1657577723728.png 1 0 0 80 80
p/1657577723724.png 1 0 0 88 98
p/1657577723725.png 1 0 0 72 72
p/1657577723726.png 1 0 0 74 74
p/1657577723727.png 1 0 0 86 96
p/1657577723730.png 1 0 0 78 78
p/1657577723729.png 1 0 0 78 78
p/1657576397847.png 1 0 0 76 74
p/1657576397848.png 1 0 0 78 74
p/1657576397849.png 1 0 0 80 82
p/1657576397850.png 1 0 0 74 74
p/1657576397851.png 1 0 0 78 82
p/1657576397852.png 1 0 0 78 78
p/1657576397853.png 1 0 0 78 78
p/1657576397854.png 1 0 0 72 72
p/1657576397777.png 1 0 0 74 74
p/1657576397779.png 1 0 0 76 76
p/1657576397778.png 1 0 0 90 102
p/1657576397780.png 1 0 0 82 88
p/1657576397781.png 1 0 0 82 90
p/1657537780175.png 1 0 0 76 78
p/1657537780174.png 1 0 0 74 76
p/1657537780173.png 1 0 0 76 78
p/1657537780172.png 1 0 0 92 94
p/1657537780171.png 1 0 0 88 82
p/1657537780170.png 1 0 0 82 82
p/1657537780165.png 1 0 0 78 78
p/1657537780166.png 1 0 0 78 78
p/1657537780167.png 1 0 0 100 94
p/1657537780168.png 1 0 0 76 78
p/1657537780169.png 1 0 0 76 76